Removed Pin From Net: NetName=GND Pin=BT1-2
Removed Member From Class: ClassName=wearable Member=BT1
Removed Member From Class: ClassName=wearable Member=J?
Change Component Footprint: Designator=U5 Old Footprint=CYP-S08.15_N New Footprint=CYP-S08.15_N
Change Component Designator: OldDesignator=J? NewDesignator=J2
Added Component: Designator=R4(RESC1608X55N)
Add component (AddParameter): Name = "Availability"; Value = "Unavailable"; VariantName = "[No Variations]"
Add component (AddParameter): Name = "MF"; Value = "{'manufacturer': u'Yageo'}"; VariantName = "[No Variations]"
Add component (AddParameter): Name = "MP"; Value = "RT0603BRB07100KL"; VariantName = "[No Variations]"
Add component (AddParameter): Name = "Package"; Value = "None"; VariantName = "[No Variations]"
Add component (AddParameter): Name = "Price"; Value = "None"; VariantName = "[No Variations]"
Add component (AddParameter): Name = "Value"; Value = ""; VariantName = "[No Variations]"
Added Component: Designator=R5(RESC1608X55N)
Add component (AddParameter): Name = "Availability"; Value = "Unavailable"; VariantName = "[No Variations]"
Add component (AddParameter): Name = "MF"; Value = "{'manufacturer': u'Yageo'}"; VariantName = "[No Variations]"
Add component (AddParameter): Name = "MP"; Value = "RT0603BRB07100KL"; VariantName = "[No Variations]"
Add component (AddParameter): Name = "Package"; Value = "None"; VariantName = "[No Variations]"
Add component (AddParameter): Name = "Price"; Value = "None"; VariantName = "[No Variations]"
Add component (AddParameter): Name = "Value"; Value = ""; VariantName = "[No Variations]"
Added Pin To Net: NetName=SWCLK Pin=J2-02
Added Pin To Net: NetName=SWDIO Pin=J2-04
Added Pin To Net: NetName=GND Pin=J2-05
Added Pin To Net: NetName=GND Pin=J2-06
Added Pin To Net: NetName=+3 Pin=J2-07
Added Pin To Net: NetName=+3 Pin=J2-08
Added Pin To Net: NetName=+5 Pin=J2-09
Added Pin To Net: NetName=+5 Pin=J2-10
Added Pin To Net: NetName=GND Pin=R4-1
Added Pin To Net: NetName=SWCLK Pin=R4-2
Added Pin To Net: NetName=+3 Pin=R5-1
Added Pin To Net: NetName=SWDIO Pin=R5-2
Added Pin To Net: NetName=SWIM Pin=J2-03
Added Net: Name=SWIM
Added Member To Class: ClassName=wearable Member=Component R4 100k
Added Member To Class: ClassName=wearable Member=Component R5 100k
Added Room: Name=wearable
