Added Component: Designator=LED?(LED_SML-D12Y1WT86)
Add component (AddParameter): Name = "Availability"; Value = "Unavailable"; VariantName = "[No Variations]"
Add component (AddParameter): Name = "MF"; Value = "{'manufacturer': u'Rohm'}"; VariantName = "[No Variations]"
Add component (AddParameter): Name = "MP"; Value = "SML-D12U1WT86"; VariantName = "[No Variations]"
Add component (AddParameter): Name = "Package"; Value = "None"; VariantName = "[No Variations]"
Add component (AddParameter): Name = "Price"; Value = "None"; VariantName = "[No Variations]"
Add component (AddParameter): Name = "Value"; Value = ""; VariantName = "[No Variations]"
Added Component: Designator=R?(RESC1607X60N)
Add component (AddParameter): Name = "Availability"; Value = "Unavailable"; VariantName = "[No Variations]"
Add component (AddParameter): Name = "MF"; Value = "{'manufacturer': u'Yageo'}"; VariantName = "[No Variations]"
Add component (AddParameter): Name = "MP"; Value = "RC0603FR-07330RL"; VariantName = "[No Variations]"
Add component (AddParameter): Name = "Package"; Value = "None"; VariantName = "[No Variations]"
Add component (AddParameter): Name = "Price"; Value = "None"; VariantName = "[No Variations]"
Add component (AddParameter): Name = "Value"; Value = ""; VariantName = "[No Variations]"
Added Component: Designator=R?(RESC1607X60N)
Add component (AddParameter): Name = "Availability"; Value = "Unavailable"; VariantName = "[No Variations]"
Add component (AddParameter): Name = "MF"; Value = "{'manufacturer': u'Yageo'}"; VariantName = "[No Variations]"
Add component (AddParameter): Name = "MP"; Value = "RC0603FR-07330RL"; VariantName = "[No Variations]"
Add component (AddParameter): Name = "Package"; Value = "None"; VariantName = "[No Variations]"
Add component (AddParameter): Name = "Price"; Value = "None"; VariantName = "[No Variations]"
Add component (AddParameter): Name = "Value"; Value = ""; VariantName = "[No Variations]"
Added Pin To Net: NetName=USB Pin=LED?-A
Added Pin To Net: NetName=STAT Pin=R?-1
Added Pin To Net: NetName=NetLED3_2 Pin=LED3-2
Added Pin To Net: NetName=NetLED3_2 Pin=R?-2
Added Net: Name=NetLED3_2
Added Pin To Net: NetName=NetLED?_C Pin=LED?-C
Added Pin To Net: NetName=NetLED?_C Pin=R?-2
Added Net: Name=NetLED?_C
Added Pin To Net: NetName=NetR?_1 Pin=R?-1
Added Pin To Net: NetName=NetR?_1 Pin=U1-40
Added Net: Name=NetR?_1
Added Member To Class: ClassName=wearable Member=Component LED? STATUS
Added Member To Class: ClassName=wearable Member=Component R? 330R
Added Member To Class: ClassName=wearable Member=Component R? 330R
Added Member To Class: ClassName=wearable Member=Component U2 STLQ015M30R
Added Room: Name=wearable
