Change Component Designator: OldDesignator=ANT? NewDesignator=ANT1
Change Component Designator: OldDesignator=C? NewDesignator=C1
Change Component Designator: OldDesignator=LED? NewDesignator=LED2
Change Component Designator: OldDesignator=R? NewDesignator=R1
Change Component Designator: OldDesignator=R? NewDesignator=R2
Change Component Designator: OldDesignator=U? NewDesignator=U1
Change Component Designator: OldDesignator=U? NewDesignator=U2
Change Component Designator: OldDesignator=U? NewDesignator=U3
Change Net Name : Old Net Name=NetANT?_FEED New Net Name=NetANT1_FEED
Change Net Name : Old Net Name=NetLED?_2 New Net Name=NetLED2_2
Change Net Name : Old Net Name=NetR?_1 New Net Name=NetR1_1
Added Pin To Net: NetName=NetR2_1 Pin=R2-1
Added Pin To Net: NetName=NetR2_1 Pin=U1-6
Added Pin To Net: NetName=NetR2_1 Pin=U3-9
Added Net: Name=NetR2_1
Added Member To Class: ClassName=wearable Member=Component LED2 right
Added Member To Class: ClassName=wearable Member=Component R2 4.7k
Added Member To Class: ClassName=wearable Member=Component U1 STM32WB55CEU6TR
Added Member To Class: ClassName=wearable Member=Component U3 BH1790GLC-E2
Added Room: Name=wearable
