Removed Pin From Net: NetName=+3 Pin=U?-10
Added Component: Designator=U?(SOT23P95_280X145-5N)
Add component (AddParameter): Name = "Availability"; Value = "Unavailable"; VariantName = "[No Variations]"
Add component (AddParameter): Name = "MF"; Value = "{'manufacturer': u'STMicroelectronics'}"; VariantName = "[No Variations]"
Add component (AddParameter): Name = "MP"; Value = "STLQ015M30R"; VariantName = "[No Variations]"
Add component (AddParameter): Name = "Package"; Value = "None"; VariantName = "[No Variations]"
Add component (AddParameter): Name = "Price"; Value = "None"; VariantName = "[No Variations]"
Add component (AddParameter): Name = "Value"; Value = ""; VariantName = "[No Variations]"
Added Pin To Net: NetName=GND Pin=J?-2
Added Pin To Net: NetName=USB Pin=J?-4
Added Pin To Net: NetName=GND Pin=U?-2
Added Pin To Net: NetName=+3 Pin=U?-5
Added Pin To Net: NetName=FRAM_CS Pin=U5-1
Added Net: Name=FRAM_CS
Added Pin To Net: NetName=FRAM_HD Pin=U5-7
Added Net: Name=FRAM_HD
Added Pin To Net: NetName=FRAM_WP Pin=U5-3
Added Net: Name=FRAM_WP
Added Pin To Net: NetName=IMU_CS Pin=U?-2
Added Net: Name=IMU_CS
Added Pin To Net: NetName=VBAT Pin=J?-3
Added Pin To Net: NetName=VBAT Pin=U?-1
Added Pin To Net: NetName=VBAT Pin=U?-3
Added Net: Name=VBAT
Added Member To Class: ClassName=wearable Member=Component U? LIS2DE12TR
Added Room: Name=wearable
