Added Component: Designator=J?(SAMTEC_FTSH-105-01-LM-DV-A-P)
Add component (AddParameter): Name = "Availability"; Value = "Unavailable"; VariantName = "[No Variations]"
Add component (AddParameter): Name = "MF"; Value = "{'manufacturer': u'Samtec'}"; VariantName = "[No Variations]"
Add component (AddParameter): Name = "MP"; Value = "FTSH-105-01-LM-DV-A-P"; VariantName = "[No Variations]"
Add component (AddParameter): Name = "Package"; Value = "None"; VariantName = "[No Variations]"
Add component (AddParameter): Name = "Price"; Value = "None"; VariantName = "[No Variations]"
Add component (AddParameter): Name = "Value"; Value = ""; VariantName = "[No Variations]"
Added Component: Designator=U5(CYP-S08.15_N)
Add component (AddParameter): Name = "Access Time"; Value = "18 ns"; VariantName = "[No Variations]"
Add component (AddParameter): Name = "Code_JEDEC"; Value = "MS-012"; VariantName = "[No Variations]"
Add component (AddParameter): Name = "ComponentLink1Description"; Value = "Manufacturer URL"; VariantName = "[No Variations]"
Add component (AddParameter): Name = "ComponentLink1URL"; Value = "http://www.cypress.com/"; VariantName = "[No Variations]"
Add component (AddParameter): Name = "ComponentLink2Description"; Value = "Datasheet"; VariantName = "[No Variations]"
Add component (AddParameter): Name = "ComponentLink2URL"; Value = "http://www.cypress.com/file/41691/download"; VariantName = "[No Variations]"
Add component (AddParameter): Name = "ComponentLink3Description"; Value = "Package Specification"; VariantName = "[No Variations]"
Add component (AddParameter): Name = "ComponentLink3URL"; Value = "http://www.mill-max.com/assets/pdfs/metric/007M.PDF"; VariantName = "[No Variations]"
Add component (AddParameter): Name = "DatasheetVersion"; Value = "Rev. *F"; VariantName = "[No Variations]"
Add component (AddParameter): Name = "Generic Part Number"; Value = "FM25V10"; VariantName = "[No Variations]"
Add component (AddParameter): Name = "Memory Size"; Value = "1 Mbits"; VariantName = "[No Variations]"
Add component (AddParameter): Name = "Mounting Technology"; Value = "Surface Mount"; VariantName = "[No Variations]"
Add component (AddParameter): Name = "PackageDescription"; Value = "8-Pin SOIC, Body 4.9 x 3.9 mm, Pitch 1.27 mm"; VariantName = "[No Variations]"
Add component (AddParameter): Name = "PackageVersion"; Value = "Rev. *D, 12/2009"; VariantName = "[No Variations]"
Add component (AddParameter): Name = "Packing"; Value = "Tape and Reel"; VariantName = "[No Variations]"
Add component (AddParameter): Name = "PartNumber"; Value = "FM25V10-GTR"; VariantName = "[No Variations]"
Add component (AddParameter): Name = "RoHS"; Value = "TRUE"; VariantName = "[No Variations]"
Add component (AddParameter): Name = "Supply Voltage Max"; Value = "3.6 V"; VariantName = "[No Variations]"
Add component (AddParameter): Name = "Supply Voltage Min"; Value = "2 V"; VariantName = "[No Variations]"
Add component (AddParameter): Name = "Temperature Max"; Value = "85 degC"; VariantName = "[No Variations]"
Add component (AddParameter): Name = "Temperature Min"; Value = "-40 degC"; VariantName = "[No Variations]"
Added Pin To Net: NetName=NetC2_2 Pin=J?-01
Change Net Name : Old Net Name=NetC2_2 New Net Name=nRST
Added Pin To Net: NetName=SPI1_MISO Pin=U1-20
Added Net: Name=SPI1_MISO
Added Pin To Net: NetName=SPI1_MOSI Pin=U1-19
Added Net: Name=SPI1_MOSI
Added Pin To Net: NetName=SPI1_SCK Pin=U1-2
Added Net: Name=SPI1_SCK
Added Pin To Net: NetName=SWCLK Pin=U1-26
Added Net: Name=SWCLK
Added Pin To Net: NetName=SWDIO Pin=U1-25
Added Net: Name=SWDIO
Added Member To Class: ClassName=wearable Member=Component J? SWD
Added Member To Class: ClassName=wearable Member=Component U5 FM25V10-GTR
Added Room: Name=wearable
