Added Component: Designator=C2(CAPC1608X87N)
Add component (AddParameter): Name = "Availability"; Value = "Unavailable"; VariantName = "[No Variations]"
Add component (AddParameter): Name = "MF"; Value = "{'manufacturer': u'Multicomp'}"; VariantName = "[No Variations]"
Add component (AddParameter): Name = "MP"; Value = "MC0603B104J160CT"; VariantName = "[No Variations]"
Add component (AddParameter): Name = "Package"; Value = "None"; VariantName = "[No Variations]"
Add component (AddParameter): Name = "Price"; Value = "None"; VariantName = "[No Variations]"
Add component (AddParameter): Name = "Value"; Value = ""; VariantName = "[No Variations]"
Added Component: Designator=C3(CAPC1608X87N)
Add component (AddParameter): Name = "Availability"; Value = "Unavailable"; VariantName = "[No Variations]"
Add component (AddParameter): Name = "MF"; Value = "{'manufacturer': u'Multicomp'}"; VariantName = "[No Variations]"
Add component (AddParameter): Name = "MP"; Value = "MC0603B104J160CT"; VariantName = "[No Variations]"
Add component (AddParameter): Name = "Package"; Value = "None"; VariantName = "[No Variations]"
Add component (AddParameter): Name = "Price"; Value = "None"; VariantName = "[No Variations]"
Add component (AddParameter): Name = "Value"; Value = ""; VariantName = "[No Variations]"
Added Component: Designator=C4(CAPC1608X87N)
Add component (AddParameter): Name = "Availability"; Value = "Unavailable"; VariantName = "[No Variations]"
Add component (AddParameter): Name = "MF"; Value = "{'manufacturer': u'Multicomp'}"; VariantName = "[No Variations]"
Add component (AddParameter): Name = "MP"; Value = "MC0603B104J160CT"; VariantName = "[No Variations]"
Add component (AddParameter): Name = "Package"; Value = "None"; VariantName = "[No Variations]"
Add component (AddParameter): Name = "Price"; Value = "None"; VariantName = "[No Variations]"
Add component (AddParameter): Name = "Value"; Value = ""; VariantName = "[No Variations]"
Added Component: Designator=C5(CAPC1608X87N)
Add component (AddParameter): Name = "Availability"; Value = "Unavailable"; VariantName = "[No Variations]"
Add component (AddParameter): Name = "MF"; Value = "{'manufacturer': u'Multicomp'}"; VariantName = "[No Variations]"
Add component (AddParameter): Name = "MP"; Value = "MC0603B104J160CT"; VariantName = "[No Variations]"
Add component (AddParameter): Name = "Package"; Value = "None"; VariantName = "[No Variations]"
Add component (AddParameter): Name = "Price"; Value = "None"; VariantName = "[No Variations]"
Add component (AddParameter): Name = "Value"; Value = ""; VariantName = "[No Variations]"
Added Component: Designator=C6(CAPC1608X87N)
Add component (AddParameter): Name = "Availability"; Value = "Unavailable"; VariantName = "[No Variations]"
Add component (AddParameter): Name = "MF"; Value = "{'manufacturer': u'Multicomp'}"; VariantName = "[No Variations]"
Add component (AddParameter): Name = "MP"; Value = "MC0603B104J160CT"; VariantName = "[No Variations]"
Add component (AddParameter): Name = "Package"; Value = "None"; VariantName = "[No Variations]"
Add component (AddParameter): Name = "Price"; Value = "None"; VariantName = "[No Variations]"
Add component (AddParameter): Name = "Value"; Value = ""; VariantName = "[No Variations]"
Added Component: Designator=C7(CAPC1608X87N)
Add component (AddParameter): Name = "Availability"; Value = "Unavailable"; VariantName = "[No Variations]"
Add component (AddParameter): Name = "MF"; Value = "{'manufacturer': u'Multicomp'}"; VariantName = "[No Variations]"
Add component (AddParameter): Name = "MP"; Value = "MC0603B104J160CT"; VariantName = "[No Variations]"
Add component (AddParameter): Name = "Package"; Value = "None"; VariantName = "[No Variations]"
Add component (AddParameter): Name = "Price"; Value = "None"; VariantName = "[No Variations]"
Add component (AddParameter): Name = "Value"; Value = ""; VariantName = "[No Variations]"
Added Component: Designator=C8(CAPC1608X90N)
Add component (AddParameter): Name = "Availability"; Value = "Unavailable"; VariantName = "[No Variations]"
Add component (AddParameter): Name = "MF"; Value = "{'manufacturer': u'KEMET'}"; VariantName = "[No Variations]"
Add component (AddParameter): Name = "MP"; Value = "C0603C105K8RACTU"; VariantName = "[No Variations]"
Add component (AddParameter): Name = "Package"; Value = "None"; VariantName = "[No Variations]"
Add component (AddParameter): Name = "Price"; Value = "None"; VariantName = "[No Variations]"
Add component (AddParameter): Name = "Value"; Value = ""; VariantName = "[No Variations]"
Added Component: Designator=C9(CAPC1608X90N)
Add component (AddParameter): Name = "Availability"; Value = "Unavailable"; VariantName = "[No Variations]"
Add component (AddParameter): Name = "MF"; Value = "{'manufacturer': u'KEMET'}"; VariantName = "[No Variations]"
Add component (AddParameter): Name = "MP"; Value = "C0603C105K8RACTU"; VariantName = "[No Variations]"
Add component (AddParameter): Name = "Package"; Value = "None"; VariantName = "[No Variations]"
Add component (AddParameter): Name = "Price"; Value = "None"; VariantName = "[No Variations]"
Add component (AddParameter): Name = "Value"; Value = ""; VariantName = "[No Variations]"
Added Component: Designator=C10(0603-CAPC1608X9N)
Add component (AddParameter): Name = "Availability"; Value = "Unavailable"; VariantName = "[No Variations]"
Add component (AddParameter): Name = "MF"; Value = "{'manufacturer': u'Yageo'}"; VariantName = "[No Variations]"
Add component (AddParameter): Name = "MP"; Value = "CC0603KRX5R6BB475"; VariantName = "[No Variations]"
Add component (AddParameter): Name = "Package"; Value = "None"; VariantName = "[No Variations]"
Add component (AddParameter): Name = "Price"; Value = "None"; VariantName = "[No Variations]"
Add component (AddParameter): Name = "Value"; Value = ""; VariantName = "[No Variations]"
Added Component: Designator=C11(0603-CAPC1608X9N)
Add component (AddParameter): Name = "Availability"; Value = "Unavailable"; VariantName = "[No Variations]"
Add component (AddParameter): Name = "MF"; Value = "{'manufacturer': u'Yageo'}"; VariantName = "[No Variations]"
Add component (AddParameter): Name = "MP"; Value = "CC0603KRX5R6BB475"; VariantName = "[No Variations]"
Add component (AddParameter): Name = "Package"; Value = "None"; VariantName = "[No Variations]"
Add component (AddParameter): Name = "Price"; Value = "None"; VariantName = "[No Variations]"
Add component (AddParameter): Name = "Value"; Value = ""; VariantName = "[No Variations]"
Added Component: Designator=C13(CAPC1608X87N)
Add component (AddParameter): Name = "Availability"; Value = "Unavailable"; VariantName = "[No Variations]"
Add component (AddParameter): Name = "MF"; Value = "{'manufacturer': u'Multicomp'}"; VariantName = "[No Variations]"
Add component (AddParameter): Name = "MP"; Value = "MC0603B104J160CT"; VariantName = "[No Variations]"
Add component (AddParameter): Name = "Package"; Value = "None"; VariantName = "[No Variations]"
Add component (AddParameter): Name = "Price"; Value = "None"; VariantName = "[No Variations]"
Add component (AddParameter): Name = "Value"; Value = ""; VariantName = "[No Variations]"
Added Component: Designator=J3(SOT95P280X145-5N)
Add component (AddParameter): Name = "Availability"; Value = "Unavailable"; VariantName = "[No Variations]"
Add component (AddParameter): Name = "MF"; Value = "{'manufacturer': u'Microchip'}"; VariantName = "[No Variations]"
Add component (AddParameter): Name = "MP"; Value = "MCP73831T-2ACI-OT"; VariantName = "[No Variations]"
Add component (AddParameter): Name = "Package"; Value = "None"; VariantName = "[No Variations]"
Add component (AddParameter): Name = "Price"; Value = "None"; VariantName = "[No Variations]"
Add component (AddParameter): Name = "Value"; Value = ""; VariantName = "[No Variations]"
Added Component: Designator=LED3(LED_CMD17-21VGD_TR8)
Add component (AddParameter): Name = "Availability"; Value = "Unavailable"; VariantName = "[No Variations]"
Add component (AddParameter): Name = "MF"; Value = "{'manufacturer': u'VCC'}"; VariantName = "[No Variations]"
Add component (AddParameter): Name = "MP"; Value = "CMD17-21VGD-TR8"; VariantName = "[No Variations]"
Add component (AddParameter): Name = "Package"; Value = "None"; VariantName = "[No Variations]"
Add component (AddParameter): Name = "Price"; Value = "None"; VariantName = "[No Variations]"
Add component (AddParameter): Name = "Value"; Value = ""; VariantName = "[No Variations]"
Added Component: Designator=LED4(LED_SML-D12Y1WT86)
Add component (AddParameter): Name = "Availability"; Value = "Unavailable"; VariantName = "[No Variations]"
Add component (AddParameter): Name = "MF"; Value = "{'manufacturer': u'Rohm'}"; VariantName = "[No Variations]"
Add component (AddParameter): Name = "MP"; Value = "SML-D12U1WT86"; VariantName = "[No Variations]"
Add component (AddParameter): Name = "Package"; Value = "None"; VariantName = "[No Variations]"
Add component (AddParameter): Name = "Price"; Value = "None"; VariantName = "[No Variations]"
Add component (AddParameter): Name = "Value"; Value = ""; VariantName = "[No Variations]"
Added Component: Designator=R1(RES_ERJPA3D4701V)
Add component (AddParameter): Name = "Availability"; Value = "Unavailable"; VariantName = "[No Variations]"
Add component (AddParameter): Name = "MF"; Value = "{'manufacturer': u'Panasonic'}"; VariantName = "[No Variations]"
Add component (AddParameter): Name = "MP"; Value = "ERJPA3D4701V"; VariantName = "[No Variations]"
Add component (AddParameter): Name = "Package"; Value = "None"; VariantName = "[No Variations]"
Add component (AddParameter): Name = "Price"; Value = "None"; VariantName = "[No Variations]"
Add component (AddParameter): Name = "Value"; Value = ""; VariantName = "[No Variations]"
Added Component: Designator=R2(RES_ERJPA3D4701V)
Add component (AddParameter): Name = "Availability"; Value = "Unavailable"; VariantName = "[No Variations]"
Add component (AddParameter): Name = "MF"; Value = "{'manufacturer': u'Panasonic'}"; VariantName = "[No Variations]"
Add component (AddParameter): Name = "MP"; Value = "ERJPA3D4701V"; VariantName = "[No Variations]"
Add component (AddParameter): Name = "Package"; Value = "None"; VariantName = "[No Variations]"
Add component (AddParameter): Name = "Price"; Value = "None"; VariantName = "[No Variations]"
Add component (AddParameter): Name = "Value"; Value = ""; VariantName = "[No Variations]"
Added Component: Designator=R6(RESC1607X60N)
Add component (AddParameter): Name = "Availability"; Value = "Unavailable"; VariantName = "[No Variations]"
Add component (AddParameter): Name = "MF"; Value = "{'manufacturer': u'Yageo'}"; VariantName = "[No Variations]"
Add component (AddParameter): Name = "MP"; Value = "RC0603FR-07330RL"; VariantName = "[No Variations]"
Add component (AddParameter): Name = "Package"; Value = "None"; VariantName = "[No Variations]"
Add component (AddParameter): Name = "Price"; Value = "None"; VariantName = "[No Variations]"
Add component (AddParameter): Name = "Value"; Value = ""; VariantName = "[No Variations]"
Added Component: Designator=R7(RESC1607X60N)
Add component (AddParameter): Name = "Availability"; Value = "Unavailable"; VariantName = "[No Variations]"
Add component (AddParameter): Name = "MF"; Value = "{'manufacturer': u'Yageo'}"; VariantName = "[No Variations]"
Add component (AddParameter): Name = "MP"; Value = "RC0603FR-07330RL"; VariantName = "[No Variations]"
Add component (AddParameter): Name = "Package"; Value = "None"; VariantName = "[No Variations]"
Add component (AddParameter): Name = "Price"; Value = "None"; VariantName = "[No Variations]"
Add component (AddParameter): Name = "Value"; Value = ""; VariantName = "[No Variations]"
Added Component: Designator=R8(RES_ERJS03F2001V)
Add component (AddParameter): Name = "Availability"; Value = "Unavailable"; VariantName = "[No Variations]"
Add component (AddParameter): Name = "MF"; Value = "{'manufacturer': u'Panasonic'}"; VariantName = "[No Variations]"
Add component (AddParameter): Name = "MP"; Value = "ERJS03F2001V"; VariantName = "[No Variations]"
Add component (AddParameter): Name = "Package"; Value = "None"; VariantName = "[No Variations]"
Add component (AddParameter): Name = "Price"; Value = "None"; VariantName = "[No Variations]"
Add component (AddParameter): Name = "Value"; Value = ""; VariantName = "[No Variations]"
Added Component: Designator=RST(SW_TL6330AF200Q)
Add component (AddParameter): Name = "Availability"; Value = "Unavailable"; VariantName = "[No Variations]"
Add component (AddParameter): Name = "MF"; Value = "{'manufacturer': u'E-Switch'}"; VariantName = "[No Variations]"
Add component (AddParameter): Name = "MP"; Value = "TL6330AF200Q"; VariantName = "[No Variations]"
Add component (AddParameter): Name = "Package"; Value = "None"; VariantName = "[No Variations]"
Add component (AddParameter): Name = "Price"; Value = "None"; VariantName = "[No Variations]"
Add component (AddParameter): Name = "Value"; Value = ""; VariantName = "[No Variations]"
Added Component: Designator=U2(SOT23P95_280X145-5N)
Add component (AddParameter): Name = "Availability"; Value = "Unavailable"; VariantName = "[No Variations]"
Add component (AddParameter): Name = "MF"; Value = "{'manufacturer': u'STMicroelectronics'}"; VariantName = "[No Variations]"
Add component (AddParameter): Name = "MP"; Value = "STLQ015M30R"; VariantName = "[No Variations]"
Add component (AddParameter): Name = "Package"; Value = "None"; VariantName = "[No Variations]"
Add component (AddParameter): Name = "Price"; Value = "None"; VariantName = "[No Variations]"
Add component (AddParameter): Name = "Value"; Value = ""; VariantName = "[No Variations]"
Added Pin To Net: NetName=GND Pin=C2-1
Added Pin To Net: NetName=nRST Pin=C2-2
Added Pin To Net: NetName=GND Pin=C3-1
Added Pin To Net: NetName=+3 Pin=C3-2
Added Pin To Net: NetName=GND Pin=C4-1
Added Pin To Net: NetName=+3 Pin=C4-2
Added Pin To Net: NetName=GND Pin=C5-1
Added Pin To Net: NetName=+3 Pin=C5-2
Added Pin To Net: NetName=GND Pin=C6-1
Added Pin To Net: NetName=+3 Pin=C6-2
Added Pin To Net: NetName=GND Pin=C7-1
Added Pin To Net: NetName=+3 Pin=C7-2
Added Pin To Net: NetName=+3 Pin=C8-1
Added Pin To Net: NetName=GND Pin=C8-2
Added Pin To Net: NetName=VBAT Pin=C9-1
Added Pin To Net: NetName=GND Pin=C9-2
Added Pin To Net: NetName=GND Pin=C10-1
Added Pin To Net: NetName=VBAT Pin=C10-2
Added Pin To Net: NetName=GND Pin=C11-1
Added Pin To Net: NetName=USB Pin=C11-2
Added Pin To Net: NetName=GND Pin=C13-1
Added Pin To Net: NetName=+3 Pin=C13-2
Added Pin To Net: NetName=STAT Pin=J3-1
Added Pin To Net: NetName=GND Pin=J3-2
Added Pin To Net: NetName=VBAT Pin=J3-3
Added Pin To Net: NetName=USB Pin=J3-4
Added Pin To Net: NetName=PROG Pin=J3-5
Added Pin To Net: NetName=+3 Pin=LED3-1
Added Pin To Net: NetName=NetLED3_2 Pin=LED3-2
Added Pin To Net: NetName=USB Pin=LED4-A
Added Pin To Net: NetName=NetLED4_C Pin=LED4-C
Added Pin To Net: NetName=I2C1_SCL Pin=R1-1
Added Pin To Net: NetName=+3 Pin=R1-2
Added Pin To Net: NetName=I2C1_SDA Pin=R2-1
Added Pin To Net: NetName=+3 Pin=R2-2
Added Pin To Net: NetName=STAT Pin=R6-1
Added Pin To Net: NetName=NetLED4_C Pin=R6-2
Added Pin To Net: NetName=GND Pin=R7-1
Added Pin To Net: NetName=NetLED3_2 Pin=R7-2
Added Pin To Net: NetName=PROG Pin=R8-1
Added Pin To Net: NetName=GND Pin=R8-2
Added Pin To Net: NetName=GND Pin=RST-1
Added Pin To Net: NetName=GND Pin=RST-2
Added Pin To Net: NetName=nRST Pin=RST-3
Added Pin To Net: NetName=nRST Pin=RST-4
Added Pin To Net: NetName=VBAT Pin=U2-1
Added Pin To Net: NetName=GND Pin=U2-2
Added Pin To Net: NetName=VBAT Pin=U2-3
Added Pin To Net: NetName=+3 Pin=U2-5
Added Member To Class: ClassName=wearable Member=Component C1 1uF
Added Member To Class: ClassName=wearable Member=Component C2 100 nF
Added Member To Class: ClassName=wearable Member=Component C3 100 nF
Added Member To Class: ClassName=wearable Member=Component C4 100 nF
Added Member To Class: ClassName=wearable Member=Component C5 100 nF
Added Member To Class: ClassName=wearable Member=Component C6 100 nF
Added Member To Class: ClassName=wearable Member=Component C7 100 nF
Added Member To Class: ClassName=wearable Member=Component C8 1uF
Added Member To Class: ClassName=wearable Member=Component C9 1uF
Added Member To Class: ClassName=wearable Member=Component C10 4.7 uF
Added Member To Class: ClassName=wearable Member=Component C11 4.7 uF
Added Member To Class: ClassName=wearable Member=Component C12 100 nF
Added Member To Class: ClassName=wearable Member=Component C13 100 nF
Added Member To Class: ClassName=wearable Member=Component C? 100 nF
Added Member To Class: ClassName=wearable Member=Component C? 18pF
Added Member To Class: ClassName=wearable Member=Component C? 18pF
Added Member To Class: ClassName=wearable Member=Component J1 micro
Added Member To Class: ClassName=wearable Member=Component J3 MCP73831T-2ACI/OT
Added Member To Class: ClassName=wearable Member=Component LED1 left
Added Member To Class: ClassName=wearable Member=Component LED2 right
Added Member To Class: ClassName=wearable Member=Component LED3 GOOD
Added Member To Class: ClassName=wearable Member=Component LED4 STATUS
Added Member To Class: ClassName=wearable Member=Component R1 4.7k
Added Member To Class: ClassName=wearable Member=Component R2 4.7k
Added Member To Class: ClassName=wearable Member=Component R3 100k
Added Member To Class: ClassName=wearable Member=Component R6 330R
Added Member To Class: ClassName=wearable Member=Component R7 330R
Added Member To Class: ClassName=wearable Member=Component R8 2k
Added Member To Class: ClassName=wearable Member=Component R? 100k
Added Member To Class: ClassName=wearable Member=Component RST TL6330AF200Q
Added Member To Class: ClassName=wearable Member=Component U2 STLQ015M30R
Added Member To Class: ClassName=wearable Member=Component U3 BH1790GLC-E2
Added Member To Class: ClassName=wearable Member=Component U4 USBLC6-2SC6Y
Added Member To Class: ClassName=wearable Member=Component U6 LIS2DE12TR
Added Room: Name=wearable
